{"C:\\Users\\Gospel\\Desktop\\calculate_api\\calculator_express\\app.js": {"path":"C:\\Users\\Gospel\\Desktop\\calculate_api\\calculator_express\\app.js","statementMap":{"0":{"start":{"line":1,"column":16},"end":{"line":1,"column":34}},"1":{"start":{"line":2,"column":12},"end":{"line":2,"column":21}},"2":{"start":{"line":3,"column":19},"end":{"line":3,"column":41}},"3":{"start":{"line":5,"column":14},"end":{"line":5,"column":31}},"4":{"start":{"line":7,"column":0},"end":{"line":7,"column":27}},"5":{"start":{"line":8,"column":0},"end":{"line":8,"column":24}},"6":{"start":{"line":14,"column":0},"end":{"line":31,"column":3}},"7":{"start":{"line":15,"column":17},"end":{"line":15,"column":32}},"8":{"start":{"line":16,"column":15},"end":{"line":16,"column":28}},"9":{"start":{"line":17,"column":15},"end":{"line":17,"column":28}},"10":{"start":{"line":20,"column":2},"end":{"line":28,"column":3}},"11":{"start":{"line":21,"column":4},"end":{"line":21,"column":35}},"12":{"start":{"line":22,"column":9},"end":{"line":28,"column":3}},"13":{"start":{"line":23,"column":4},"end":{"line":23,"column":40}},"14":{"start":{"line":24,"column":9},"end":{"line":28,"column":3}},"15":{"start":{"line":25,"column":4},"end":{"line":25,"column":38}},"16":{"start":{"line":26,"column":9},"end":{"line":28,"column":3}},"17":{"start":{"line":27,"column":4},"end":{"line":27,"column":40}},"18":{"start":{"line":29,"column":2},"end":{"line":29,"column":43}},"19":{"start":{"line":30,"column":2},"end":{"line":30,"column":31}},"20":{"start":{"line":33,"column":0},"end":{"line":33,"column":21}}},"fnMap":{"0":{"name":"(anonymous_0)","decl":{"start":{"line":14,"column":24},"end":{"line":14,"column":25}},"loc":{"start":{"line":14,"column":38},"end":{"line":31,"column":1}},"line":14}},"branchMap":{"0":{"loc":{"start":{"line":20,"column":2},"end":{"line":28,"column":3}},"type":"if","locations":[{"start":{"line":20,"column":2},"end":{"line":28,"column":3}},{"start":{"line":22,"column":9},"end":{"line":28,"column":3}}],"line":20},"1":{"loc":{"start":{"line":22,"column":9},"end":{"line":28,"column":3}},"type":"if","locations":[{"start":{"line":22,"column":9},"end":{"line":28,"column":3}},{"start":{"line":24,"column":9},"end":{"line":28,"column":3}}],"line":22},"2":{"loc":{"start":{"line":24,"column":9},"end":{"line":28,"column":3}},"type":"if","locations":[{"start":{"line":24,"column":9},"end":{"line":28,"column":3}},{"start":{"line":26,"column":9},"end":{"line":28,"column":3}}],"line":24},"3":{"loc":{"start":{"line":26,"column":9},"end":{"line":28,"column":3}},"type":"if","locations":[{"start":{"line":26,"column":9},"end":{"line":28,"column":3}},{"start":{},"end":{}}],"line":26}},"s":{"0":1,"1":1,"2":1,"3":1,"4":1,"5":1,"6":1,"7":1,"8":1,"9":1,"10":1,"11":0,"12":1,"13":0,"14":1,"15":1,"16":0,"17":0,"18":1,"19":1,"20":1},"f":{"0":1},"b":{"0":[0,1],"1":[0,1],"2":[1,0],"3":[0,0]},"_coverageSchema":"1a1c01bbd47fc00a2c39e90264f33305004495a9","hash":"5a3a7f66fb5f5695a6cafc0e43c165ffd3b39214"}
,"C:\\Users\\Gospel\\Desktop\\calculate_api\\calculator_express\\math.js": {"path":"C:\\Users\\Gospel\\Desktop\\calculate_api\\calculator_express\\math.js","statementMap":{"0":{"start":{"line":1,"column":12},"end":{"line":1,"column":27}},"1":{"start":{"line":1,"column":22},"end":{"line":1,"column":27}},"2":{"start":{"line":2,"column":17},"end":{"line":2,"column":32}},"3":{"start":{"line":2,"column":27},"end":{"line":2,"column":32}},"4":{"start":{"line":3,"column":15},"end":{"line":3,"column":30}},"5":{"start":{"line":3,"column":25},"end":{"line":3,"column":30}},"6":{"start":{"line":4,"column":17},"end":{"line":4,"column":32}},"7":{"start":{"line":4,"column":27},"end":{"line":4,"column":32}},"8":{"start":{"line":6,"column":0},"end":{"line":11,"column":2}}},"fnMap":{"0":{"name":"(anonymous_0)","decl":{"start":{"line":1,"column":12},"end":{"line":1,"column":13}},"loc":{"start":{"line":1,"column":22},"end":{"line":1,"column":27}},"line":1},"1":{"name":"(anonymous_1)","decl":{"start":{"line":2,"column":17},"end":{"line":2,"column":18}},"loc":{"start":{"line":2,"column":27},"end":{"line":2,"column":32}},"line":2},"2":{"name":"(anonymous_2)","decl":{"start":{"line":3,"column":15},"end":{"line":3,"column":16}},"loc":{"start":{"line":3,"column":25},"end":{"line":3,"column":30}},"line":3},"3":{"name":"(anonymous_3)","decl":{"start":{"line":4,"column":17},"end":{"line":4,"column":18}},"loc":{"start":{"line":4,"column":27},"end":{"line":4,"column":32}},"line":4}},"branchMap":{},"s":{"0":2,"1":1,"2":2,"3":1,"4":2,"5":2,"6":2,"7":1,"8":2},"f":{"0":1,"1":1,"2":2,"3":1},"b":{},"_coverageSchema":"1a1c01bbd47fc00a2c39e90264f33305004495a9","hash":"7c5d516ce2b671a6e13c6e09f79eda7deb01f378"}
}
