{"C:\\Users\\USER\\Desktop\\NodeJs\\Assignment\\calculate_api\\app.js": {"path":"C:\\Users\\USER\\Desktop\\NodeJs\\Assignment\\calculate_api\\app.js","statementMap":{"0":{"start":{"line":1,"column":13},"end":{"line":1,"column":28}},"1":{"start":{"line":2,"column":14},"end":{"line":2,"column":31}},"2":{"start":{"line":4,"column":13},"end":{"line":4,"column":17}},"3":{"start":{"line":5,"column":18},"end":{"line":5,"column":29}},"4":{"start":{"line":7,"column":22},"end":{"line":37,"column":1}},"5":{"start":{"line":8,"column":25},"end":{"line":8,"column":28}},"6":{"start":{"line":9,"column":14},"end":{"line":9,"column":16}},"7":{"start":{"line":12,"column":1},"end":{"line":36,"column":2}},"8":{"start":{"line":13,"column":2},"end":{"line":15,"column":5}},"9":{"start":{"line":14,"column":3},"end":{"line":14,"column":20}},"10":{"start":{"line":17,"column":2},"end":{"line":35,"column":5}},"11":{"start":{"line":19,"column":4},"end":{"line":19,"column":34}},"12":{"start":{"line":20,"column":22},"end":{"line":20,"column":44}},"13":{"start":{"line":22,"column":34},"end":{"line":22,"column":44}},"14":{"start":{"line":24,"column":3},"end":{"line":32,"column":4}},"15":{"start":{"line":25,"column":4},"end":{"line":25,"column":35}},"16":{"start":{"line":26,"column":10},"end":{"line":32,"column":4}},"17":{"start":{"line":27,"column":4},"end":{"line":27,"column":40}},"18":{"start":{"line":28,"column":10},"end":{"line":32,"column":4}},"19":{"start":{"line":29,"column":4},"end":{"line":29,"column":38}},"20":{"start":{"line":30,"column":10},"end":{"line":32,"column":4}},"21":{"start":{"line":31,"column":4},"end":{"line":31,"column":40}},"22":{"start":{"line":34,"column":3},"end":{"line":34,"column":39}},"23":{"start":{"line":39,"column":15},"end":{"line":39,"column":47}},"24":{"start":{"line":41,"column":0},"end":{"line":45,"column":3}},"25":{"start":{"line":42,"column":1},"end":{"line":44,"column":3}},"26":{"start":{"line":47,"column":0},"end":{"line":47,"column":24}}},"fnMap":{"0":{"name":"(anonymous_0)","decl":{"start":{"line":7,"column":22},"end":{"line":7,"column":23}},"loc":{"start":{"line":7,"column":36},"end":{"line":37,"column":1}},"line":7},"1":{"name":"(anonymous_1)","decl":{"start":{"line":13,"column":17},"end":{"line":13,"column":18}},"loc":{"start":{"line":13,"column":28},"end":{"line":15,"column":3}},"line":13},"2":{"name":"(anonymous_2)","decl":{"start":{"line":17,"column":16},"end":{"line":17,"column":17}},"loc":{"start":{"line":17,"column":22},"end":{"line":35,"column":3}},"line":17},"3":{"name":"(anonymous_3)","decl":{"start":{"line":41,"column":31},"end":{"line":41,"column":32}},"loc":{"start":{"line":41,"column":37},"end":{"line":45,"column":1}},"line":41}},"branchMap":{"0":{"loc":{"start":{"line":12,"column":1},"end":{"line":36,"column":2}},"type":"if","locations":[{"start":{"line":12,"column":1},"end":{"line":36,"column":2}},{"start":{},"end":{}}],"line":12},"1":{"loc":{"start":{"line":12,"column":5},"end":{"line":12,"column":46}},"type":"binary-expr","locations":[{"start":{"line":12,"column":5},"end":{"line":12,"column":25}},{"start":{"line":12,"column":29},"end":{"line":12,"column":46}}],"line":12},"2":{"loc":{"start":{"line":24,"column":3},"end":{"line":32,"column":4}},"type":"if","locations":[{"start":{"line":24,"column":3},"end":{"line":32,"column":4}},{"start":{"line":26,"column":10},"end":{"line":32,"column":4}}],"line":24},"3":{"loc":{"start":{"line":26,"column":10},"end":{"line":32,"column":4}},"type":"if","locations":[{"start":{"line":26,"column":10},"end":{"line":32,"column":4}},{"start":{"line":28,"column":10},"end":{"line":32,"column":4}}],"line":26},"4":{"loc":{"start":{"line":28,"column":10},"end":{"line":32,"column":4}},"type":"if","locations":[{"start":{"line":28,"column":10},"end":{"line":32,"column":4}},{"start":{"line":30,"column":10},"end":{"line":32,"column":4}}],"line":28},"5":{"loc":{"start":{"line":30,"column":10},"end":{"line":32,"column":4}},"type":"if","locations":[{"start":{"line":30,"column":10},"end":{"line":32,"column":4}},{"start":{},"end":{}}],"line":30}},"s":{"0":1,"1":1,"2":1,"3":1,"4":1,"5":4,"6":4,"7":4,"8":4,"9":4,"10":4,"11":4,"12":4,"13":4,"14":4,"15":1,"16":3,"17":1,"18":2,"19":1,"20":1,"21":1,"22":4,"23":1,"24":1,"25":1,"26":1},"f":{"0":4,"1":4,"2":4,"3":1},"b":{"0":[4,0],"1":[4,4],"2":[1,3],"3":[1,2],"4":[1,1],"5":[1,0]},"_coverageSchema":"1a1c01bbd47fc00a2c39e90264f33305004495a9","hash":"f4fc9cde6640d723e8a4a5971c543aab7fcd4767"}
,"C:\\Users\\USER\\Desktop\\NodeJs\\Assignment\\calculate_api\\math.js": {"path":"C:\\Users\\USER\\Desktop\\NodeJs\\Assignment\\calculate_api\\math.js","statementMap":{"0":{"start":{"line":1,"column":12},"end":{"line":1,"column":27}},"1":{"start":{"line":1,"column":22},"end":{"line":1,"column":27}},"2":{"start":{"line":2,"column":17},"end":{"line":2,"column":32}},"3":{"start":{"line":2,"column":27},"end":{"line":2,"column":32}},"4":{"start":{"line":3,"column":15},"end":{"line":3,"column":30}},"5":{"start":{"line":3,"column":25},"end":{"line":3,"column":30}},"6":{"start":{"line":4,"column":17},"end":{"line":4,"column":32}},"7":{"start":{"line":4,"column":27},"end":{"line":4,"column":32}},"8":{"start":{"line":6,"column":0},"end":{"line":11,"column":1}}},"fnMap":{"0":{"name":"(anonymous_0)","decl":{"start":{"line":1,"column":12},"end":{"line":1,"column":13}},"loc":{"start":{"line":1,"column":22},"end":{"line":1,"column":27}},"line":1},"1":{"name":"(anonymous_1)","decl":{"start":{"line":2,"column":17},"end":{"line":2,"column":18}},"loc":{"start":{"line":2,"column":27},"end":{"line":2,"column":32}},"line":2},"2":{"name":"(anonymous_2)","decl":{"start":{"line":3,"column":15},"end":{"line":3,"column":16}},"loc":{"start":{"line":3,"column":25},"end":{"line":3,"column":30}},"line":3},"3":{"name":"(anonymous_3)","decl":{"start":{"line":4,"column":17},"end":{"line":4,"column":18}},"loc":{"start":{"line":4,"column":27},"end":{"line":4,"column":32}},"line":4}},"branchMap":{},"s":{"0":2,"1":3,"2":2,"3":2,"4":2,"5":2,"6":2,"7":2,"8":2},"f":{"0":3,"1":2,"2":2,"3":2},"b":{},"_coverageSchema":"1a1c01bbd47fc00a2c39e90264f33305004495a9","hash":"9c39c9a226ff895a25c34af8f7267efd3e0cade9"}
}
